<?xml version="1.0" encoding="UTF-8"?>
<!-- Generated by org.testng.reporters.JUnitReportReporter -->
<testsuite hostname="DESKTOP-1EQ9BS4" failures="0" tests="2" name="tests.ProductsPageTest" time="10.949" errors="0" timestamp="2024-11-01T11:04:58 GMT" skipped="0">
  <testcase classname="tests.ProductsPageTest" name="verifyAllProductsIsDisplayedOnProductsPg" time="7.548"/>
  <testcase classname="tests.ProductsPageTest" name="verifyRemoveBtnAndUpdatedInCartIsDisplayedOnProductsPage" time="3.401"/>
</testsuite> <!-- tests.ProductsPageTest -->
