<?xml version="1.0" encoding="UTF-8"?>
<!-- Generated by org.testng.reporters.JUnitReportReporter -->
<testsuite hostname="DESKTOP-1EQ9BS4" failures="0" tests="5" name="tests.LoginTest" time="30.345" errors="0" timestamp="2024-11-01T10:38:08 GMT" skipped="0">
  <testcase classname="tests.LoginTest" name="loginWithblankEmail" time="6.364"/>
  <testcase classname="tests.LoginTest" name="loginWithblankPass" time="5.084"/>
  <testcase classname="tests.LoginTest" name="loginWithValidCreds" time="13.631"/>
  <testcase classname="tests.LoginTest" name="loginWithInvalidCreds" time="2.656"/>
  <testcase classname="tests.LoginTest" name="loginWithInvalidEmail" time="2.610"/>
</testsuite> <!-- tests.LoginTest -->
