<?xml version="1.0" encoding="UTF-8"?>
<!-- Generated by org.testng.reporters.JUnitReportReporter -->
<testsuite hostname="DESKTOP-1EQ9BS4" failures="0" tests="5" name="tests.LoginTest" time="27.419" errors="0" timestamp="2024-11-01T11:04:58 GMT" skipped="0">
  <testcase classname="tests.LoginTest" name="loginWithblankEmail" time="5.584"/>
  <testcase classname="tests.LoginTest" name="loginWithblankPass" time="5.076"/>
  <testcase classname="tests.LoginTest" name="loginWithValidCreds" time="11.504"/>
  <testcase classname="tests.LoginTest" name="loginWithInvalidCreds" time="2.664"/>
  <testcase classname="tests.LoginTest" name="loginWithInvalidEmail" time="2.591"/>
</testsuite> <!-- tests.LoginTest -->
